2024-12-25 15:30:33,335 - INFO - 127.0.0.1 - - [25/Dec/2024 15:30:33] "GET / HTTP/1.1" 200 -
2024-12-25 15:30:57,188 - INFO - ====== WebDriver manager ======
2024-12-25 15:31:00,288 - INFO - Get LATEST chromedriver version for google-chrome
2024-12-25 15:31:00,421 - INFO - Get LATEST chromedriver version for google-chrome
2024-12-25 15:31:00,537 - INFO - Driver [C:\Users\Zohaib\.wdm\drivers\chromedriver\win64\131.0.6778.204\chromedriver-win32/chromedriver.exe] found in cache
2024-12-25 15:31:06,167 - INFO - Navigating to Instagram login page
2024-12-25 15:31:25,920 - INFO - Successfully logged into Instagram
2024-12-25 15:31:30,988 - INFO - No save_info popup appeared
2024-12-25 15:31:36,159 - INFO - No notifications popup appeared
2024-12-25 15:31:41,322 - INFO - No add_to_home popup appeared
2024-12-25 15:31:47,892 - INFO - Navigating to profile: https://www.instagram.com/rock/
2024-12-25 15:32:08,008 - ERROR - Failed to navigate to profile: Message: 
Stacktrace:
	GetHandleVerifier [0x0093EC13+23731]
	(No symbol) [0x008CC394]
	(No symbol) [0x007ABE63]
	(No symbol) [0x007EFCE6]
	(No symbol) [0x007EFF2B]
	(No symbol) [0x0082D892]
	(No symbol) [0x00811EA4]
	(No symbol) [0x0082B46E]
	(No symbol) [0x00811BF6]
	(No symbol) [0x007E3F35]
	(No symbol) [0x007E4EBD]
	GetHandleVerifier [0x00C1F0D3+3039603]
	GetHandleVerifier [0x00C32DEA+3120778]
	GetHandleVerifier [0x00C2B592+3089970]
	GetHandleVerifier [0x009D43B0+635984]
	(No symbol) [0x008D4DCD]
	(No symbol) [0x008D2068]
	(No symbol) [0x008D2205]
	(No symbol) [0x008C4FD0]
	BaseThreadInitThunk [0x76717BA9+25]
	RtlInitializeExceptionChain [0x77C8C0CB+107]
	RtlClearBits [0x77C8C04F+191]

2024-12-25 15:32:10,615 - ERROR - Scraping failed: Message: 
Stacktrace:
	GetHandleVerifier [0x0093EC13+23731]
	(No symbol) [0x008CC394]
	(No symbol) [0x007ABE63]
	(No symbol) [0x007EFCE6]
	(No symbol) [0x007EFF2B]
	(No symbol) [0x0082D892]
	(No symbol) [0x00811EA4]
	(No symbol) [0x0082B46E]
	(No symbol) [0x00811BF6]
	(No symbol) [0x007E3F35]
	(No symbol) [0x007E4EBD]
	GetHandleVerifier [0x00C1F0D3+3039603]
	GetHandleVerifier [0x00C32DEA+3120778]
	GetHandleVerifier [0x00C2B592+3089970]
	GetHandleVerifier [0x009D43B0+635984]
	(No symbol) [0x008D4DCD]
	(No symbol) [0x008D2068]
	(No symbol) [0x008D2205]
	(No symbol) [0x008C4FD0]
	BaseThreadInitThunk [0x76717BA9+25]
	RtlInitializeExceptionChain [0x77C8C0CB+107]
	RtlClearBits [0x77C8C04F+191]

2024-12-25 15:32:10,636 - INFO - 127.0.0.1 - - [25/Dec/2024 15:32:10] "[32mPOST /scrape HTTP/1.1[0m" 302 -
2024-12-25 15:32:10,664 - INFO - 127.0.0.1 - - [25/Dec/2024 15:32:10] "GET / HTTP/1.1" 200 -
2024-12-25 15:32:51,016 - INFO - ====== WebDriver manager ======
2024-12-25 15:32:54,120 - INFO - Get LATEST chromedriver version for google-chrome
2024-12-25 15:32:54,238 - INFO - Get LATEST chromedriver version for google-chrome
2024-12-25 15:32:54,364 - INFO - Driver [C:\Users\Zohaib\.wdm\drivers\chromedriver\win64\131.0.6778.204\chromedriver-win32/chromedriver.exe] found in cache
2024-12-25 15:33:00,067 - INFO - Navigating to Instagram login page
2024-12-25 15:33:19,531 - INFO - Successfully logged into Instagram
2024-12-25 15:33:24,983 - INFO - No save_info popup appeared
2024-12-25 15:33:30,197 - INFO - No notifications popup appeared
2024-12-25 15:33:35,408 - INFO - No add_to_home popup appeared
2024-12-25 15:33:40,395 - INFO - Navigating to profile: https://www.instagram.com/therock/
2024-12-25 15:34:00,873 - ERROR - Failed to navigate to profile: Message: 
Stacktrace:
	GetHandleVerifier [0x0093EC13+23731]
	(No symbol) [0x008CC394]
	(No symbol) [0x007ABE63]
	(No symbol) [0x007EFCE6]
	(No symbol) [0x007EFF2B]
	(No symbol) [0x0082D892]
	(No symbol) [0x00811EA4]
	(No symbol) [0x0082B46E]
	(No symbol) [0x00811BF6]
	(No symbol) [0x007E3F35]
	(No symbol) [0x007E4EBD]
	GetHandleVerifier [0x00C1F0D3+3039603]
	GetHandleVerifier [0x00C32DEA+3120778]
	GetHandleVerifier [0x00C2B592+3089970]
	GetHandleVerifier [0x009D43B0+635984]
	(No symbol) [0x008D4DCD]
	(No symbol) [0x008D2068]
	(No symbol) [0x008D2205]
	(No symbol) [0x008C4FD0]
	BaseThreadInitThunk [0x76717BA9+25]
	RtlInitializeExceptionChain [0x77C8C0CB+107]
	RtlClearBits [0x77C8C04F+191]

2024-12-25 15:34:03,128 - ERROR - Scraping failed: Message: 
Stacktrace:
	GetHandleVerifier [0x0093EC13+23731]
	(No symbol) [0x008CC394]
	(No symbol) [0x007ABE63]
	(No symbol) [0x007EFCE6]
	(No symbol) [0x007EFF2B]
	(No symbol) [0x0082D892]
	(No symbol) [0x00811EA4]
	(No symbol) [0x0082B46E]
	(No symbol) [0x00811BF6]
	(No symbol) [0x007E3F35]
	(No symbol) [0x007E4EBD]
	GetHandleVerifier [0x00C1F0D3+3039603]
	GetHandleVerifier [0x00C32DEA+3120778]
	GetHandleVerifier [0x00C2B592+3089970]
	GetHandleVerifier [0x009D43B0+635984]
	(No symbol) [0x008D4DCD]
	(No symbol) [0x008D2068]
	(No symbol) [0x008D2205]
	(No symbol) [0x008C4FD0]
	BaseThreadInitThunk [0x76717BA9+25]
	RtlInitializeExceptionChain [0x77C8C0CB+107]
	RtlClearBits [0x77C8C04F+191]

2024-12-25 15:34:03,140 - INFO - 127.0.0.1 - - [25/Dec/2024 15:34:03] "[32mPOST /scrape HTTP/1.1[0m" 302 -
2024-12-25 15:34:03,157 - INFO - 127.0.0.1 - - [25/Dec/2024 15:34:03] "GET / HTTP/1.1" 200 -
2024-12-25 15:37:34,971 - INFO - ====== WebDriver manager ======
2024-12-25 15:37:38,089 - INFO - Get LATEST chromedriver version for google-chrome
2024-12-25 15:37:38,225 - INFO - Get LATEST chromedriver version for google-chrome
2024-12-25 15:37:38,341 - INFO - Driver [C:\Users\Zohaib\.wdm\drivers\chromedriver\win64\131.0.6778.204\chromedriver-win32/chromedriver.exe] found in cache
2024-12-25 15:37:43,658 - INFO - Navigating to Instagram login page
2024-12-25 15:38:06,852 - INFO - Successfully logged into Instagram
2024-12-25 15:38:12,277 - INFO - No save_info popup appeared
2024-12-25 15:38:17,501 - INFO - No notifications popup appeared
2024-12-25 15:38:22,692 - INFO - No add_to_home popup appeared
2024-12-25 15:38:27,766 - INFO - Navigating to profile: https://www.instagram.com/therock/
2024-12-25 15:38:48,075 - ERROR - Failed to navigate to profile: Message: 
Stacktrace:
	GetHandleVerifier [0x0093EC13+23731]
	(No symbol) [0x008CC394]
	(No symbol) [0x007ABE63]
	(No symbol) [0x007EFCE6]
	(No symbol) [0x007EFF2B]
	(No symbol) [0x0082D892]
	(No symbol) [0x00811EA4]
	(No symbol) [0x0082B46E]
	(No symbol) [0x00811BF6]
	(No symbol) [0x007E3F35]
	(No symbol) [0x007E4EBD]
	GetHandleVerifier [0x00C1F0D3+3039603]
	GetHandleVerifier [0x00C32DEA+3120778]
	GetHandleVerifier [0x00C2B592+3089970]
	GetHandleVerifier [0x009D43B0+635984]
	(No symbol) [0x008D4DCD]
	(No symbol) [0x008D2068]
	(No symbol) [0x008D2205]
	(No symbol) [0x008C4FD0]
	BaseThreadInitThunk [0x76717BA9+25]
	RtlInitializeExceptionChain [0x77C8C0CB+107]
	RtlClearBits [0x77C8C04F+191]

2024-12-25 15:38:50,327 - ERROR - Scraping failed: Message: 
Stacktrace:
	GetHandleVerifier [0x0093EC13+23731]
	(No symbol) [0x008CC394]
	(No symbol) [0x007ABE63]
	(No symbol) [0x007EFCE6]
	(No symbol) [0x007EFF2B]
	(No symbol) [0x0082D892]
	(No symbol) [0x00811EA4]
	(No symbol) [0x0082B46E]
	(No symbol) [0x00811BF6]
	(No symbol) [0x007E3F35]
	(No symbol) [0x007E4EBD]
	GetHandleVerifier [0x00C1F0D3+3039603]
	GetHandleVerifier [0x00C32DEA+3120778]
	GetHandleVerifier [0x00C2B592+3089970]
	GetHandleVerifier [0x009D43B0+635984]
	(No symbol) [0x008D4DCD]
	(No symbol) [0x008D2068]
	(No symbol) [0x008D2205]
	(No symbol) [0x008C4FD0]
	BaseThreadInitThunk [0x76717BA9+25]
	RtlInitializeExceptionChain [0x77C8C0CB+107]
	RtlClearBits [0x77C8C04F+191]

2024-12-25 15:38:50,338 - INFO - 127.0.0.1 - - [25/Dec/2024 15:38:50] "[32mPOST /scrape HTTP/1.1[0m" 302 -
2024-12-25 15:38:50,356 - INFO - 127.0.0.1 - - [25/Dec/2024 15:38:50] "GET / HTTP/1.1" 200 -
2024-12-25 15:41:22,233 - INFO - 127.0.0.1 - - [25/Dec/2024 15:41:22] "GET / HTTP/1.1" 200 -
2024-12-25 15:41:48,296 - INFO - ====== WebDriver manager ======
2024-12-25 15:41:51,354 - INFO - Get LATEST chromedriver version for google-chrome
2024-12-25 15:41:51,494 - INFO - Get LATEST chromedriver version for google-chrome
2024-12-25 15:41:51,626 - INFO - Driver [C:\Users\Zohaib\.wdm\drivers\chromedriver\win64\131.0.6778.204\chromedriver-win32/chromedriver.exe] found in cache
2024-12-25 15:41:57,401 - INFO - Navigating to Instagram login page
2024-12-25 15:42:16,078 - INFO - Successfully logged into Instagram
2024-12-25 15:42:21,169 - INFO - No save_info popup appeared
2024-12-25 15:42:26,332 - INFO - No notifications popup appeared
2024-12-25 15:42:31,597 - INFO - No add_to_home popup appeared
2024-12-25 15:42:36,450 - INFO - Navigating to profile: https://www.instagram.com/therock/
2024-12-25 15:42:56,789 - ERROR - Failed to navigate to profile: Message: 
Stacktrace:
	GetHandleVerifier [0x0093EC13+23731]
	(No symbol) [0x008CC394]
	(No symbol) [0x007ABE63]
	(No symbol) [0x007EFCE6]
	(No symbol) [0x007EFF2B]
	(No symbol) [0x0082D892]
	(No symbol) [0x00811EA4]
	(No symbol) [0x0082B46E]
	(No symbol) [0x00811BF6]
	(No symbol) [0x007E3F35]
	(No symbol) [0x007E4EBD]
	GetHandleVerifier [0x00C1F0D3+3039603]
	GetHandleVerifier [0x00C32DEA+3120778]
	GetHandleVerifier [0x00C2B592+3089970]
	GetHandleVerifier [0x009D43B0+635984]
	(No symbol) [0x008D4DCD]
	(No symbol) [0x008D2068]
	(No symbol) [0x008D2205]
	(No symbol) [0x008C4FD0]
	BaseThreadInitThunk [0x76717BA9+25]
	RtlInitializeExceptionChain [0x77C8C0CB+107]
	RtlClearBits [0x77C8C04F+191]

2024-12-25 15:42:59,080 - ERROR - Scraping failed: Message: 
Stacktrace:
	GetHandleVerifier [0x0093EC13+23731]
	(No symbol) [0x008CC394]
	(No symbol) [0x007ABE63]
	(No symbol) [0x007EFCE6]
	(No symbol) [0x007EFF2B]
	(No symbol) [0x0082D892]
	(No symbol) [0x00811EA4]
	(No symbol) [0x0082B46E]
	(No symbol) [0x00811BF6]
	(No symbol) [0x007E3F35]
	(No symbol) [0x007E4EBD]
	GetHandleVerifier [0x00C1F0D3+3039603]
	GetHandleVerifier [0x00C32DEA+3120778]
	GetHandleVerifier [0x00C2B592+3089970]
	GetHandleVerifier [0x009D43B0+635984]
	(No symbol) [0x008D4DCD]
	(No symbol) [0x008D2068]
	(No symbol) [0x008D2205]
	(No symbol) [0x008C4FD0]
	BaseThreadInitThunk [0x76717BA9+25]
	RtlInitializeExceptionChain [0x77C8C0CB+107]
	RtlClearBits [0x77C8C04F+191]

2024-12-25 15:42:59,093 - INFO - 127.0.0.1 - - [25/Dec/2024 15:42:59] "[32mPOST /scrape HTTP/1.1[0m" 302 -
2024-12-25 15:42:59,108 - INFO - 127.0.0.1 - - [25/Dec/2024 15:42:59] "GET / HTTP/1.1" 200 -
2024-12-25 15:44:25,992 - INFO - 127.0.0.1 - - [25/Dec/2024 15:44:25] "GET / HTTP/1.1" 200 -
2024-12-25 15:44:43,261 - INFO - ====== WebDriver manager ======
2024-12-25 15:44:46,580 - INFO - Get LATEST chromedriver version for google-chrome
2024-12-25 15:44:46,736 - INFO - Get LATEST chromedriver version for google-chrome
2024-12-25 15:44:46,925 - INFO - Driver [C:\Users\Zohaib\.wdm\drivers\chromedriver\win64\131.0.6778.204\chromedriver-win32/chromedriver.exe] found in cache
2024-12-25 15:44:53,082 - INFO - Navigating to Instagram login page
2024-12-25 15:45:12,032 - INFO - Successfully logged into Instagram
2024-12-25 15:45:17,191 - INFO - No save_info popup appeared
2024-12-25 15:45:22,451 - INFO - No notifications popup appeared
2024-12-25 15:45:27,752 - INFO - No add_to_home popup appeared
2024-12-25 15:45:36,886 - INFO - Navigating to profile: https://www.instagram.com/therock/
2024-12-25 15:45:57,373 - ERROR - Failed to navigate to profile: Message: 
Stacktrace:
	GetHandleVerifier [0x0093EC13+23731]
	(No symbol) [0x008CC394]
	(No symbol) [0x007ABE63]
	(No symbol) [0x007EFCE6]
	(No symbol) [0x007EFF2B]
	(No symbol) [0x0082D892]
	(No symbol) [0x00811EA4]
	(No symbol) [0x0082B46E]
	(No symbol) [0x00811BF6]
	(No symbol) [0x007E3F35]
	(No symbol) [0x007E4EBD]
	GetHandleVerifier [0x00C1F0D3+3039603]
	GetHandleVerifier [0x00C32DEA+3120778]
	GetHandleVerifier [0x00C2B592+3089970]
	GetHandleVerifier [0x009D43B0+635984]
	(No symbol) [0x008D4DCD]
	(No symbol) [0x008D2068]
	(No symbol) [0x008D2205]
	(No symbol) [0x008C4FD0]
	BaseThreadInitThunk [0x76717BA9+25]
	RtlInitializeExceptionChain [0x77C8C0CB+107]
	RtlClearBits [0x77C8C04F+191]

2024-12-25 15:45:59,531 - ERROR - Scraping failed: Message: 
Stacktrace:
	GetHandleVerifier [0x0093EC13+23731]
	(No symbol) [0x008CC394]
	(No symbol) [0x007ABE63]
	(No symbol) [0x007EFCE6]
	(No symbol) [0x007EFF2B]
	(No symbol) [0x0082D892]
	(No symbol) [0x00811EA4]
	(No symbol) [0x0082B46E]
	(No symbol) [0x00811BF6]
	(No symbol) [0x007E3F35]
	(No symbol) [0x007E4EBD]
	GetHandleVerifier [0x00C1F0D3+3039603]
	GetHandleVerifier [0x00C32DEA+3120778]
	GetHandleVerifier [0x00C2B592+3089970]
	GetHandleVerifier [0x009D43B0+635984]
	(No symbol) [0x008D4DCD]
	(No symbol) [0x008D2068]
	(No symbol) [0x008D2205]
	(No symbol) [0x008C4FD0]
	BaseThreadInitThunk [0x76717BA9+25]
	RtlInitializeExceptionChain [0x77C8C0CB+107]
	RtlClearBits [0x77C8C04F+191]

2024-12-25 15:45:59,534 - INFO - 127.0.0.1 - - [25/Dec/2024 15:45:59] "[32mPOST /scrape HTTP/1.1[0m" 302 -
2024-12-25 15:45:59,544 - INFO - 127.0.0.1 - - [25/Dec/2024 15:45:59] "GET / HTTP/1.1" 200 -
2024-12-25 15:48:40,441 - INFO - 127.0.0.1 - - [25/Dec/2024 15:48:40] "GET / HTTP/1.1" 200 -
2024-12-25 15:49:11,491 - INFO - [31m[1mWARNING: This is a development server. Do not use it in a production deployment. Use a production WSGI server instead.[0m
 * Running on http://127.0.0.1:5000
2024-12-25 15:49:11,491 - INFO - [33mPress CTRL+C to quit[0m
2024-12-25 15:49:15,978 - INFO - 127.0.0.1 - - [25/Dec/2024 15:49:15] "GET / HTTP/1.1" 200 -
2024-12-25 15:49:28,277 - INFO - ====== WebDriver manager ======
2024-12-25 15:49:31,249 - INFO - Get LATEST chromedriver version for google-chrome
2024-12-25 15:49:31,378 - INFO - Get LATEST chromedriver version for google-chrome
2024-12-25 15:49:31,504 - INFO - Driver [C:\Users\Zohaib\.wdm\drivers\chromedriver\win64\131.0.6778.204\chromedriver-win32/chromedriver.exe] found in cache
2024-12-25 15:49:46,875 - INFO - No cookies dialog found
2024-12-25 15:49:52,037 - INFO - Already on login page
2024-12-25 15:50:11,699 - INFO - Successfully logged into Instagram
2024-12-25 15:50:20,387 - INFO - No Save Login Info dialog appeared
2024-12-25 15:50:25,746 - INFO - No Turn on Notifications dialog appeared
2024-12-25 15:50:31,008 - INFO - No Add to Home Screen dialog appeared
2024-12-25 15:50:42,047 - INFO - Navigating to profile: https://www.instagram.com/therock/
2024-12-25 15:51:02,511 - ERROR - Failed to navigate to profile: Message: 
Stacktrace:
	GetHandleVerifier [0x0093EC13+23731]
	(No symbol) [0x008CC394]
	(No symbol) [0x007ABE63]
	(No symbol) [0x007EFCE6]
	(No symbol) [0x007EFF2B]
	(No symbol) [0x0082D892]
	(No symbol) [0x00811EA4]
	(No symbol) [0x0082B46E]
	(No symbol) [0x00811BF6]
	(No symbol) [0x007E3F35]
	(No symbol) [0x007E4EBD]
	GetHandleVerifier [0x00C1F0D3+3039603]
	GetHandleVerifier [0x00C32DEA+3120778]
	GetHandleVerifier [0x00C2B592+3089970]
	GetHandleVerifier [0x009D43B0+635984]
	(No symbol) [0x008D4DCD]
	(No symbol) [0x008D2068]
	(No symbol) [0x008D2205]
	(No symbol) [0x008C4FD0]
	BaseThreadInitThunk [0x76717BA9+25]
	RtlInitializeExceptionChain [0x77C8C0CB+107]
	RtlClearBits [0x77C8C04F+191]

2024-12-25 15:51:02,515 - ERROR - Scraping failed: Message: 
Stacktrace:
	GetHandleVerifier [0x0093EC13+23731]
	(No symbol) [0x008CC394]
	(No symbol) [0x007ABE63]
	(No symbol) [0x007EFCE6]
	(No symbol) [0x007EFF2B]
	(No symbol) [0x0082D892]
	(No symbol) [0x00811EA4]
	(No symbol) [0x0082B46E]
	(No symbol) [0x00811BF6]
	(No symbol) [0x007E3F35]
	(No symbol) [0x007E4EBD]
	GetHandleVerifier [0x00C1F0D3+3039603]
	GetHandleVerifier [0x00C32DEA+3120778]
	GetHandleVerifier [0x00C2B592+3089970]
	GetHandleVerifier [0x009D43B0+635984]
	(No symbol) [0x008D4DCD]
	(No symbol) [0x008D2068]
	(No symbol) [0x008D2205]
	(No symbol) [0x008C4FD0]
	BaseThreadInitThunk [0x76717BA9+25]
	RtlInitializeExceptionChain [0x77C8C0CB+107]
	RtlClearBits [0x77C8C04F+191]

2024-12-25 15:51:04,802 - INFO - 127.0.0.1 - - [25/Dec/2024 15:51:04] "[32mPOST /scrape HTTP/1.1[0m" 302 -
2024-12-25 15:51:04,826 - INFO - 127.0.0.1 - - [25/Dec/2024 15:51:04] "GET / HTTP/1.1" 200 -
2024-12-25 15:55:55,600 - INFO - 127.0.0.1 - - [25/Dec/2024 15:55:55] "GET / HTTP/1.1" 200 -
2024-12-25 15:56:13,629 - INFO - ====== WebDriver manager ======
2024-12-25 15:56:16,869 - INFO - Get LATEST chromedriver version for google-chrome
2024-12-25 15:56:16,992 - INFO - Get LATEST chromedriver version for google-chrome
2024-12-25 15:56:17,127 - INFO - Driver [C:\Users\Zohaib\.wdm\drivers\chromedriver\win64\131.0.6778.204\chromedriver-win32/chromedriver.exe] found in cache
2024-12-25 15:56:31,765 - INFO - No cookies dialog found
2024-12-25 15:56:36,918 - INFO - Already on login page
2024-12-25 15:56:54,778 - INFO - Successfully logged into Instagram
2024-12-25 15:57:03,670 - INFO - No Save Login Info dialog appeared
2024-12-25 15:57:08,880 - INFO - No Turn on Notifications dialog appeared
2024-12-25 15:57:14,181 - INFO - No Add to Home Screen dialog appeared
2024-12-25 15:57:24,777 - INFO - Navigating to profile: https://www.instagram.com/therock/
2024-12-25 15:57:45,174 - ERROR - Failed to navigate to profile: Message: 
Stacktrace:
	GetHandleVerifier [0x0093EC13+23731]
	(No symbol) [0x008CC394]
	(No symbol) [0x007ABE63]
	(No symbol) [0x007EFCE6]
	(No symbol) [0x007EFF2B]
	(No symbol) [0x0082D892]
	(No symbol) [0x00811EA4]
	(No symbol) [0x0082B46E]
	(No symbol) [0x00811BF6]
	(No symbol) [0x007E3F35]
	(No symbol) [0x007E4EBD]
	GetHandleVerifier [0x00C1F0D3+3039603]
	GetHandleVerifier [0x00C32DEA+3120778]
	GetHandleVerifier [0x00C2B592+3089970]
	GetHandleVerifier [0x009D43B0+635984]
	(No symbol) [0x008D4DCD]
	(No symbol) [0x008D2068]
	(No symbol) [0x008D2205]
	(No symbol) [0x008C4FD0]
	BaseThreadInitThunk [0x76717BA9+25]
	RtlInitializeExceptionChain [0x77C8C0CB+107]
	RtlClearBits [0x77C8C04F+191]

2024-12-25 15:57:45,178 - ERROR - Scraping failed: Message: 
Stacktrace:
	GetHandleVerifier [0x0093EC13+23731]
	(No symbol) [0x008CC394]
	(No symbol) [0x007ABE63]
	(No symbol) [0x007EFCE6]
	(No symbol) [0x007EFF2B]
	(No symbol) [0x0082D892]
	(No symbol) [0x00811EA4]
	(No symbol) [0x0082B46E]
	(No symbol) [0x00811BF6]
	(No symbol) [0x007E3F35]
	(No symbol) [0x007E4EBD]
	GetHandleVerifier [0x00C1F0D3+3039603]
	GetHandleVerifier [0x00C32DEA+3120778]
	GetHandleVerifier [0x00C2B592+3089970]
	GetHandleVerifier [0x009D43B0+635984]
	(No symbol) [0x008D4DCD]
	(No symbol) [0x008D2068]
	(No symbol) [0x008D2205]
	(No symbol) [0x008C4FD0]
	BaseThreadInitThunk [0x76717BA9+25]
	RtlInitializeExceptionChain [0x77C8C0CB+107]
	RtlClearBits [0x77C8C04F+191]

2024-12-25 15:57:47,465 - INFO - 127.0.0.1 - - [25/Dec/2024 15:57:47] "[32mPOST /scrape HTTP/1.1[0m" 302 -
2024-12-25 15:57:47,487 - INFO - 127.0.0.1 - - [25/Dec/2024 15:57:47] "GET / HTTP/1.1" 200 -
2024-12-25 15:58:53,461 - INFO - 127.0.0.1 - - [25/Dec/2024 15:58:53] "GET / HTTP/1.1" 200 -
2024-12-25 15:59:07,157 - INFO - ====== WebDriver manager ======
2024-12-25 15:59:10,192 - INFO - Get LATEST chromedriver version for google-chrome
2024-12-25 15:59:10,320 - INFO - Get LATEST chromedriver version for google-chrome
2024-12-25 15:59:10,448 - INFO - Driver [C:\Users\Zohaib\.wdm\drivers\chromedriver\win64\131.0.6778.204\chromedriver-win32/chromedriver.exe] found in cache
2024-12-25 15:59:26,349 - INFO - No cookies dialog found
2024-12-25 15:59:31,539 - INFO - Already on login page
2024-12-25 15:59:49,638 - INFO - Successfully logged into Instagram
2024-12-25 15:59:58,817 - INFO - No Save Login Info dialog appeared
2024-12-25 16:00:03,989 - INFO - No Turn on Notifications dialog appeared
2024-12-25 16:00:09,211 - INFO - No Add to Home Screen dialog appeared
2024-12-25 16:00:17,564 - INFO - Navigating to profile: https://www.instagram.com/therock/
2024-12-25 16:00:37,701 - ERROR - Failed to navigate to profile: Message: 
Stacktrace:
	GetHandleVerifier [0x0093EC13+23731]
	(No symbol) [0x008CC394]
	(No symbol) [0x007ABE63]
	(No symbol) [0x007EFCE6]
	(No symbol) [0x007EFF2B]
	(No symbol) [0x0082D892]
	(No symbol) [0x00811EA4]
	(No symbol) [0x0082B46E]
	(No symbol) [0x00811BF6]
	(No symbol) [0x007E3F35]
	(No symbol) [0x007E4EBD]
	GetHandleVerifier [0x00C1F0D3+3039603]
	GetHandleVerifier [0x00C32DEA+3120778]
	GetHandleVerifier [0x00C2B592+3089970]
	GetHandleVerifier [0x009D43B0+635984]
	(No symbol) [0x008D4DCD]
	(No symbol) [0x008D2068]
	(No symbol) [0x008D2205]
	(No symbol) [0x008C4FD0]
	BaseThreadInitThunk [0x76717BA9+25]
	RtlInitializeExceptionChain [0x77C8C0CB+107]
	RtlClearBits [0x77C8C04F+191]

2024-12-25 16:00:37,706 - ERROR - Scraping failed: Message: 
Stacktrace:
	GetHandleVerifier [0x0093EC13+23731]
	(No symbol) [0x008CC394]
	(No symbol) [0x007ABE63]
	(No symbol) [0x007EFCE6]
	(No symbol) [0x007EFF2B]
	(No symbol) [0x0082D892]
	(No symbol) [0x00811EA4]
	(No symbol) [0x0082B46E]
	(No symbol) [0x00811BF6]
	(No symbol) [0x007E3F35]
	(No symbol) [0x007E4EBD]
	GetHandleVerifier [0x00C1F0D3+3039603]
	GetHandleVerifier [0x00C32DEA+3120778]
	GetHandleVerifier [0x00C2B592+3089970]
	GetHandleVerifier [0x009D43B0+635984]
	(No symbol) [0x008D4DCD]
	(No symbol) [0x008D2068]
	(No symbol) [0x008D2205]
	(No symbol) [0x008C4FD0]
	BaseThreadInitThunk [0x76717BA9+25]
	RtlInitializeExceptionChain [0x77C8C0CB+107]
	RtlClearBits [0x77C8C04F+191]

2024-12-25 16:00:40,010 - INFO - 127.0.0.1 - - [25/Dec/2024 16:00:40] "[32mPOST /scrape HTTP/1.1[0m" 302 -
2024-12-25 16:00:40,028 - INFO - 127.0.0.1 - - [25/Dec/2024 16:00:40] "GET / HTTP/1.1" 200 -
2024-12-25 16:13:15,269 - INFO - 127.0.0.1 - - [25/Dec/2024 16:13:15] "GET / HTTP/1.1" 200 -
2024-12-25 16:13:26,989 - INFO - 127.0.0.1 - - [25/Dec/2024 16:13:26] "GET / HTTP/1.1" 200 -
2024-12-25 16:13:41,361 - INFO - ====== WebDriver manager ======
2024-12-25 16:13:47,438 - INFO - Get LATEST chromedriver version for google-chrome
2024-12-25 16:13:47,583 - INFO - Get LATEST chromedriver version for google-chrome
2024-12-25 16:13:47,735 - INFO - Driver [C:\Users\Zohaib\.wdm\drivers\chromedriver\win64\131.0.6778.204\chromedriver-win32/chromedriver.exe] found in cache
2024-12-25 16:14:04,971 - INFO - No cookies dialog found
2024-12-25 16:14:10,548 - INFO - Already on login page
2024-12-25 16:14:30,078 - ERROR - Login failed with error: Message: no such window: target window already closed
from unknown error: web view not found
  (Session info: chrome=131.0.6778.205)
Stacktrace:
	GetHandleVerifier [0x0093EC13+23731]
	(No symbol) [0x008CC394]
	(No symbol) [0x007ABE63]
	(No symbol) [0x0078D92B]
	(No symbol) [0x00817F7F]
	(No symbol) [0x0082AD99]
	(No symbol) [0x00811BF6]
	(No symbol) [0x007E3F35]
	(No symbol) [0x007E4EBD]
	GetHandleVerifier [0x00C1F0D3+3039603]
	GetHandleVerifier [0x00C32DEA+3120778]
	GetHandleVerifier [0x00C2B592+3089970]
	GetHandleVerifier [0x009D43B0+635984]
	(No symbol) [0x008D4DCD]
	(No symbol) [0x008D2068]
	(No symbol) [0x008D2205]
	(No symbol) [0x008C4FD0]
	BaseThreadInitThunk [0x76717BA9+25]
	RtlInitializeExceptionChain [0x77C8C0CB+107]
	RtlClearBits [0x77C8C04F+191]

2024-12-25 16:14:30,110 - ERROR - Scraping failed: Message: no such window: target window already closed
from unknown error: web view not found
  (Session info: chrome=131.0.6778.205)
Stacktrace:
	GetHandleVerifier [0x0093EC13+23731]
	(No symbol) [0x008CC394]
	(No symbol) [0x007ABE63]
	(No symbol) [0x0078D92B]
	(No symbol) [0x00817F7F]
	(No symbol) [0x0082AD99]
	(No symbol) [0x00811BF6]
	(No symbol) [0x007E3F35]
	(No symbol) [0x007E4EBD]
	GetHandleVerifier [0x00C1F0D3+3039603]
	GetHandleVerifier [0x00C32DEA+3120778]
	GetHandleVerifier [0x00C2B592+3089970]
	GetHandleVerifier [0x009D43B0+635984]
	(No symbol) [0x008D4DCD]
	(No symbol) [0x008D2068]
	(No symbol) [0x008D2205]
	(No symbol) [0x008C4FD0]
	BaseThreadInitThunk [0x76717BA9+25]
	RtlInitializeExceptionChain [0x77C8C0CB+107]
	RtlClearBits [0x77C8C04F+191]

2024-12-25 16:14:32,410 - INFO - 127.0.0.1 - - [25/Dec/2024 16:14:32] "[32mPOST /scrape HTTP/1.1[0m" 302 -
2024-12-25 16:14:32,449 - INFO - 127.0.0.1 - - [25/Dec/2024 16:14:32] "GET / HTTP/1.1" 200 -
2024-12-25 16:14:48,417 - INFO - ====== WebDriver manager ======
2024-12-25 16:14:56,419 - INFO - Get LATEST chromedriver version for google-chrome
2024-12-25 16:14:56,583 - INFO - Get LATEST chromedriver version for google-chrome
2024-12-25 16:14:56,732 - INFO - Driver [C:\Users\Zohaib\.wdm\drivers\chromedriver\win64\131.0.6778.204\chromedriver-win32/chromedriver.exe] found in cache
2024-12-25 16:15:12,797 - INFO - No cookies dialog found
2024-12-25 16:15:18,173 - INFO - Already on login page
2024-12-25 16:15:44,640 - INFO - Successfully logged into Instagram
2024-12-25 16:15:53,451 - INFO - No Save Login Info dialog appeared
2024-12-25 16:15:58,953 - INFO - No Turn on Notifications dialog appeared
2024-12-25 16:16:04,455 - INFO - No Add to Home Screen dialog appeared
2024-12-25 16:16:13,167 - INFO - Navigating to profile: https://www.instagram.com/therock/
2024-12-25 16:16:33,596 - ERROR - Failed to navigate to profile: Message: 
Stacktrace:
	GetHandleVerifier [0x0093EC13+23731]
	(No symbol) [0x008CC394]
	(No symbol) [0x007ABE63]
	(No symbol) [0x007EFCE6]
	(No symbol) [0x007EFF2B]
	(No symbol) [0x0082D892]
	(No symbol) [0x00811EA4]
	(No symbol) [0x0082B46E]
	(No symbol) [0x00811BF6]
	(No symbol) [0x007E3F35]
	(No symbol) [0x007E4EBD]
	GetHandleVerifier [0x00C1F0D3+3039603]
	GetHandleVerifier [0x00C32DEA+3120778]
	GetHandleVerifier [0x00C2B592+3089970]
	GetHandleVerifier [0x009D43B0+635984]
	(No symbol) [0x008D4DCD]
	(No symbol) [0x008D2068]
	(No symbol) [0x008D2205]
	(No symbol) [0x008C4FD0]
	BaseThreadInitThunk [0x76717BA9+25]
	RtlInitializeExceptionChain [0x77C8C0CB+107]
	RtlClearBits [0x77C8C04F+191]

2024-12-25 16:16:33,605 - ERROR - Scraping failed: Message: 
Stacktrace:
	GetHandleVerifier [0x0093EC13+23731]
	(No symbol) [0x008CC394]
	(No symbol) [0x007ABE63]
	(No symbol) [0x007EFCE6]
	(No symbol) [0x007EFF2B]
	(No symbol) [0x0082D892]
	(No symbol) [0x00811EA4]
	(No symbol) [0x0082B46E]
	(No symbol) [0x00811BF6]
	(No symbol) [0x007E3F35]
	(No symbol) [0x007E4EBD]
	GetHandleVerifier [0x00C1F0D3+3039603]
	GetHandleVerifier [0x00C32DEA+3120778]
	GetHandleVerifier [0x00C2B592+3089970]
	GetHandleVerifier [0x009D43B0+635984]
	(No symbol) [0x008D4DCD]
	(No symbol) [0x008D2068]
	(No symbol) [0x008D2205]
	(No symbol) [0x008C4FD0]
	BaseThreadInitThunk [0x76717BA9+25]
	RtlInitializeExceptionChain [0x77C8C0CB+107]
	RtlClearBits [0x77C8C04F+191]

2024-12-25 16:16:36,148 - INFO - 127.0.0.1 - - [25/Dec/2024 16:16:36] "[32mPOST /scrape HTTP/1.1[0m" 302 -
2024-12-25 16:16:36,177 - INFO - 127.0.0.1 - - [25/Dec/2024 16:16:36] "GET / HTTP/1.1" 200 -
2024-12-25 16:33:16,241 - INFO - 127.0.0.1 - - [25/Dec/2024 16:33:16] "GET / HTTP/1.1" 200 -
2024-12-25 16:39:34,027 - INFO - 127.0.0.1 - - [25/Dec/2024 16:39:34] "GET / HTTP/1.1" 200 -
2024-12-25 16:39:52,328 - INFO - 127.0.0.1 - - [25/Dec/2024 16:39:52] "GET / HTTP/1.1" 200 -
2024-12-25 16:40:23,888 - INFO - ====== WebDriver manager ======
2024-12-25 16:40:29,138 - INFO - Get LATEST chromedriver version for google-chrome
2024-12-25 16:40:29,323 - INFO - Get LATEST chromedriver version for google-chrome
2024-12-25 16:40:29,465 - INFO - Driver [C:\Users\Zohaib\.wdm\drivers\chromedriver\win64\131.0.6778.204\chromedriver-win32/chromedriver.exe] found in cache
2024-12-25 16:40:44,329 - INFO - No cookies dialog found
2024-12-25 16:40:49,714 - INFO - Already on login page
2024-12-25 16:41:11,067 - INFO - Successfully logged into Instagram
2024-12-25 16:41:19,576 - INFO - No Save Login Info dialog appeared
2024-12-25 16:41:24,844 - INFO - No Turn on Notifications dialog appeared
2024-12-25 16:41:30,233 - INFO - No Add to Home Screen dialog appeared
2024-12-25 16:41:42,428 - INFO - Navigating to profile: https://www.instagram.com/therock/
2024-12-25 16:42:02,485 - ERROR - Failed to navigate to profile: Message: 
Stacktrace:
	GetHandleVerifier [0x0093EC13+23731]
	(No symbol) [0x008CC394]
	(No symbol) [0x007ABE63]
	(No symbol) [0x007EFCE6]
	(No symbol) [0x007EFF2B]
	(No symbol) [0x0082D892]
	(No symbol) [0x00811EA4]
	(No symbol) [0x0082B46E]
	(No symbol) [0x00811BF6]
	(No symbol) [0x007E3F35]
	(No symbol) [0x007E4EBD]
	GetHandleVerifier [0x00C1F0D3+3039603]
	GetHandleVerifier [0x00C32DEA+3120778]
	GetHandleVerifier [0x00C2B592+3089970]
	GetHandleVerifier [0x009D43B0+635984]
	(No symbol) [0x008D4DCD]
	(No symbol) [0x008D2068]
	(No symbol) [0x008D2205]
	(No symbol) [0x008C4FD0]
	BaseThreadInitThunk [0x76717BA9+25]
	RtlInitializeExceptionChain [0x77C8C0CB+107]
	RtlClearBits [0x77C8C04F+191]

2024-12-25 16:42:02,489 - ERROR - Scraping failed: Message: 
Stacktrace:
	GetHandleVerifier [0x0093EC13+23731]
	(No symbol) [0x008CC394]
	(No symbol) [0x007ABE63]
	(No symbol) [0x007EFCE6]
	(No symbol) [0x007EFF2B]
	(No symbol) [0x0082D892]
	(No symbol) [0x00811EA4]
	(No symbol) [0x0082B46E]
	(No symbol) [0x00811BF6]
	(No symbol) [0x007E3F35]
	(No symbol) [0x007E4EBD]
	GetHandleVerifier [0x00C1F0D3+3039603]
	GetHandleVerifier [0x00C32DEA+3120778]
	GetHandleVerifier [0x00C2B592+3089970]
	GetHandleVerifier [0x009D43B0+635984]
	(No symbol) [0x008D4DCD]
	(No symbol) [0x008D2068]
	(No symbol) [0x008D2205]
	(No symbol) [0x008C4FD0]
	BaseThreadInitThunk [0x76717BA9+25]
	RtlInitializeExceptionChain [0x77C8C0CB+107]
	RtlClearBits [0x77C8C04F+191]

2024-12-25 16:42:04,941 - INFO - 127.0.0.1 - - [25/Dec/2024 16:42:04] "[32mPOST /scrape HTTP/1.1[0m" 302 -
2024-12-25 16:42:04,983 - INFO - 127.0.0.1 - - [25/Dec/2024 16:42:04] "GET / HTTP/1.1" 200 -
2024-12-25 16:44:56,301 - INFO - 127.0.0.1 - - [25/Dec/2024 16:44:56] "GET / HTTP/1.1" 200 -
